app/build/outputs/logs/manifest-merger-debug-report.txt
-- Merging decision tree log ---
manifest
ADDED from src\main\AndroidManifest.xml:2:1-225:12
INJECTED from src\main\AndroidManifest.xml:2:1-225:12
INJECTED from src\main\AndroidManifest.xml:2:1-225:12
INJECTED from src\main\AndroidManifest.xml:2:1-225:12
MERGED from [de.hdodenhof:circleimageview:2.2.0] AndroidManifest.xml:2:1-11:12
MERGED from [com.android.support:design:26.1.0] AndroidManifest.xml:17:1-31:12
MERGED from [com.android.support:appcompat-v7:26.1.0] AndroidManifest.xml:17:1-31:12
MERGED from [it.gilvegliach.android:transparent-text-textview:1.0.3] AndroidManifest.xml:17:1-29:12
MERGED from [com.android.support:cardview-v7:26.1.0] AndroidManifest.xml:17:1-28:12
MERGED from [com.android.support:recyclerview-v7:26.1.0] AndroidManifest.xml:17:1-28:12
MERGED from [com.daimajia.slider:library:1.1.5] AndroidManifest.xml:2:1-14:12
MERGED from [com.android.support.constraint:constraint-layout:1.1.2] AndroidManifest.xml:2:1-11:12
MERGED from [com.android.support:transition:26.1.0] AndroidManifest.xml:17:1-28:12
MERGED from [com.android.support:support-v4:26.1.0] AndroidManifest.xml:17:1-31:12
MERGED from [com.android.support:animated-vector-drawable:26.1.0] AndroidManifest.xml:17:1-28:12
MERGED from [com.android.support:support-vector-drawable:26.1.0] AndroidManifest.xml:17:1-28:12
MERGED from [com.android.support:support-fragment:26.1.0] AndroidManifest.xml:17:1-31:12
MERGED from [com.android.support:support-core-ui:26.1.0] AndroidManifest.xml:17:1-31:12
MERGED from [com.android.support:support-media-compat:26.1.0] AndroidManifest.xml:17:1-31:12
MERGED from [com.android.support:support-core-utils:26.1.0] AndroidManifest.xml:17:1-31:12
MERGED from [com.android.support:support-compat:26.1.0] AndroidManifest.xml:17:1-31:12
MERGED from [android.arch.lifecycle:runtime:1.0.0] AndroidManifest.xml:17:1-30:12
INJECTED from src\main\AndroidManifest.xml:2:1-225:12
INJECTED from src\main\AndroidManifest.xml:2:1-225:12
INJECTED from src\main\AndroidManifest.xml:2:1-225:12
	package
		ADDED from src\main\AndroidManifest.xml:3:5-39
		INJECTED from src\main\AndroidManifest.xml
		INJECTED from src\main\AndroidManifest.xml
	android:versionName
		INJECTED from src\main\AndroidManifest.xml
		ADDED from src\main\AndroidManifest.xml:2:1-225:12
		INJECTED from src\main\AndroidManifest.xml
	android:versionCode
		INJECTED from src\main\AndroidManifest.xml
		ADDED from src\main\AndroidManifest.xml:2:1-225:12
		INJECTED from src\main\AndroidManifest.xml
	xmlns:android
		ADDED from src\main\AndroidManifest.xml:2:11-69
application
ADDED from src\main\AndroidManifest.xml:5:5-223:19
MERGED from [de.hdodenhof:circleimageview:2.2.0] AndroidManifest.xml:9:5-20
MERGED from [de.hdodenhof:circleimageview:2.2.0] AndroidManifest.xml:9:5-20
MERGED from [com.android.support:design:26.1.0] AndroidManifest.xml:25:5-29:19
MERGED from [com.android.support:design:26.1.0] AndroidManifest.xml:25:5-29:19
MERGED from [com.android.support:appcompat-v7:26.1.0] AndroidManifest.xml:25:5-29:19
MERGED from [com.android.support:appcompat-v7:26.1.0] AndroidManifest.xml:25:5-29:19
MERGED from [it.gilvegliach.android:transparent-text-textview:1.0.3] AndroidManifest.xml:27:5-20
MERGED from [it.gilvegliach.android:transparent-text-textview:1.0.3] AndroidManifest.xml:27:5-20
MERGED from [com.android.support:cardview-v7:26.1.0] AndroidManifest.xml:22:5-26:19
MERGED from [com.android.support:cardview-v7:26.1.0] AndroidManifest.xml:22:5-26:19
MERGED from [com.android.support:recyclerview-v7:26.1.0] AndroidManifest.xml:22:5-26:19
MERGED from [com.android.support:recyclerview-v7:26.1.0] AndroidManifest.xml:22:5-26:19
MERGED from [com.android.support.constraint:constraint-layout:1.1.2] AndroidManifest.xml:9:5-20
MERGED from [com.android.support.constraint:constraint-layout:1.1.2] AndroidManifest.xml:9:5-20
MERGED from [com.android.support:transition:26.1.0] AndroidManifest.xml:22:5-26:19
MERGED from [com.android.support:transition:26.1.0] AndroidManifest.xml:22:5-26:19
MERGED from [com.android.support:support-v4:26.1.0] AndroidManifest.xml:25:5-29:19
MERGED from [com.android.support:support-v4:26.1.0] AndroidManifest.xml:25:5-29:19
MERGED from [com.android.support:animated-vector-drawable:26.1.0] AndroidManifest.xml:22:5-26:19
MERGED from [com.android.support:animated-vector-drawable:26.1.0] AndroidManifest.xml:22:5-26:19
MERGED from [com.android.support:support-vector-drawable:26.1.0] AndroidManifest.xml:22:5-26:19
MERGED from [com.android.support:support-vector-drawable:26.1.0] AndroidManifest.xml:22:5-26:19
MERGED from [com.android.support:support-fragment:26.1.0] AndroidManifest.xml:25:5-29:19
MERGED from [com.android.support:support-fragment:26.1.0] AndroidManifest.xml:25:5-29:19
MERGED from [com.android.support:support-core-ui:26.1.0] AndroidManifest.xml:25:5-29:19
MERGED from [com.android.support:support-core-ui:26.1.0] AndroidManifest.xml:25:5-29:19
MERGED from [com.android.support:support-media-compat:26.1.0] AndroidManifest.xml:25:5-29:19
MERGED from [com.android.support:support-media-compat:26.1.0] AndroidManifest.xml:25:5-29:19
MERGED from [com.android.support:support-core-utils:26.1.0] AndroidManifest.xml:25:5-29:19
MERGED from [com.android.support:support-core-utils:26.1.0] AndroidManifest.xml:25:5-29:19
MERGED from [com.android.support:support-compat:26.1.0] AndroidManifest.xml:25:5-29:19
MERGED from [com.android.support:support-compat:26.1.0] AndroidManifest.xml:25:5-29:19
MERGED from [android.arch.lifecycle:runtime:1.0.0] AndroidManifest.xml:24:5-28:19
MERGED from [android.arch.lifecycle:runtime:1.0.0] AndroidManifest.xml:24:5-28:19
	android:supportsRtl
		ADDED from src\main\AndroidManifest.xml:10:9-35
	android:label
		ADDED from src\main\AndroidManifest.xml:8:9-41
	android:roundIcon
		ADDED from src\main\AndroidManifest.xml:9:9-42
	android:icon
		ADDED from src\main\AndroidManifest.xml:7:9-37
	android:allowBackup
		ADDED from src\main\AndroidManifest.xml:6:9-35
	android:theme
		ADDED from src\main\AndroidManifest.xml:11:9-40
activity#com.example.ajitsahu.app.MainActivity
ADDED from src\main\AndroidManifest.xml:12:9-20:20
	android:theme
		ADDED from src\main\AndroidManifest.xml:14:13-42
	android:name
		ADDED from src\main\AndroidManifest.xml:13:13-41
intent-filter#action:name:android.intent.action.MAIN+category:name:android.intent.category.LAUNCHER
ADDED from src\main\AndroidManifest.xml:15:13-19:29
action#android.intent.action.MAIN
ADDED from src\main\AndroidManifest.xml:16:17-69
	android:name
		ADDED from src\main\AndroidManifest.xml:16:25-66
category#android.intent.category.LAUNCHER
ADDED from src\main\AndroidManifest.xml:18:17-77
	android:name
		ADDED from src\main\AndroidManifest.xml:18:27-74
activity#com.example.ajitsahu.app.HomeActivity
ADDED from src\main\AndroidManifest.xml:21:9-50
	android:name
		ADDED from src\main\AndroidManifest.xml:21:19-47
activity#com.example.ajitsahu.app.TipsActivity
ADDED from src\main\AndroidManifest.xml:22:9-24:58
	android:parentActivityName
		ADDED from src\main\AndroidManifest.xml:24:13-55
	android:name
		ADDED from src\main\AndroidManifest.xml:23:13-41
activity#com.example.ajitsahu.app.MealsActivity
ADDED from src\main\AndroidManifest.xml:25:9-27:58
	android:parentActivityName
		ADDED from src\main\AndroidManifest.xml:27:13-55
	android:name
		ADDED from src\main\AndroidManifest.xml:26:13-42
activity#com.example.ajitsahu.app.DietActivity
ADDED from src\main\AndroidManifest.xml:28:9-30:58
	android:parentActivityName
		ADDED from src\main\AndroidManifest.xml:30:13-55
	android:name
		ADDED from src\main\AndroidManifest.xml:29:13-41
activity#com.example.ajitsahu.app.SundayActivity
ADDED from src\main\AndroidManifest.xml:31:9-33:58
	android:parentActivityName
		ADDED from src\main\AndroidManifest.xml:33:13-55
	android:name
		ADDED from src\main\AndroidManifest.xml:32:13-43
activity#com.example.ajitsahu.app.MondayActivity
ADDED from src\main\AndroidManifest.xml:34:9-36:58
	android:parentActivityName
		ADDED from src\main\AndroidManifest.xml:36:13-55
	android:name
		ADDED from src\main\AndroidManifest.xml:35:13-43
activity#com.example.ajitsahu.app.TuesdayActivity
ADDED from src\main\AndroidManifest.xml:37:9-39:58
	android:parentActivityName
		ADDED from src\main\AndroidManifest.xml:39:13-55
	android:name
		ADDED from src\main\AndroidManifest.xml:38:13-44
activity#com.example.ajitsahu.app.WednesdayActivity
ADDED from src\main\AndroidManifest.xml:40:9-42:58
	android:parentActivityName
		ADDED from src\main\AndroidManifest.xml:42:13-55
	android:name
		ADDED from src\main\AndroidManifest.xml:41:13-46
activity#com.example.ajitsahu.app.ThursdayActivity
ADDED from src\main\AndroidManifest.xml:43:9-45:58
	android:parentActivityName
		ADDED from src\main\AndroidManifest.xml:45:13-55
	android:name
		ADDED from src\main\AndroidManifest.xml:44:13-45
activity#com.example.ajitsahu.app.FridayActivity
ADDED from src\main\AndroidManifest.xml:46:9-48:58
	android:parentActivityName
		ADDED from src\main\AndroidManifest.xml:48:13-55
	android:name
		ADDED from src\main\AndroidManifest.xml:47:13-43
activity#com.example.ajitsahu.app.SaturdayActivity
ADDED from src\main\AndroidManifest.xml:49:9-51:58
	android:parentActivityName
		ADDED from src\main\AndroidManifest.xml:51:13-55
	android:name
		ADDED from src\main\AndroidManifest.xml:50:13-45
activity#com.example.ajitsahu.app.calActivity
ADDED from src\main\AndroidManifest.xml:52:9-54:58
	android:parentActivityName
		ADDED from src\main\AndroidManifest.xml:54:13-55
	android:name
		ADDED from src\main\AndroidManifest.xml:53:13-40
activity#com.example.ajitsahu.app.MealoneActivity
ADDED from src\main\AndroidManifest.xml:55:9-57:59
	android:parentActivityName
		ADDED from src\main\AndroidManifest.xml:57:13-56
	android:name
		ADDED from src\main\AndroidManifest.xml:56:13-44
activity#com.example.ajitsahu.app.MealtwoActivity
ADDED from src\main\AndroidManifest.xml:58:9-60:59
	android:parentActivityName
		ADDED from src\main\AndroidManifest.xml:60:13-56
	android:name
		ADDED from src\main\AndroidManifest.xml:59:13-44
activity#com.example.ajitsahu.app.MealthreeActivity
ADDED from src\main\AndroidManifest.xml:61:9-63:59
	android:parentActivityName
		ADDED from src\main\AndroidManifest.xml:63:13-56
	android:name
		ADDED from src\main\AndroidManifest.xml:62:13-46
activity#com.example.ajitsahu.app.MealfourActivity
ADDED from src\main\AndroidManifest.xml:64:9-66:59
	android:parentActivityName
		ADDED from src\main\AndroidManifest.xml:66:13-56
	android:name
		ADDED from src\main\AndroidManifest.xml:65:13-45
activity#com.example.ajitsahu.app.MealfiveActivity
ADDED from src\main\AndroidManifest.xml:67:9-69:59
	android:parentActivityName
		ADDED from src\main\AndroidManifest.xml:69:13-56
	android:name
		ADDED from src\main\AndroidManifest.xml:68:13-45
activity#com.example.ajitsahu.app.WeightFitActivity
ADDED from src\main\AndroidManifest.xml:70:9-72:58
	android:parentActivityName
		ADDED from src\main\AndroidManifest.xml:72:13-55
	android:name
		ADDED from src\main\AndroidManifest.xml:71:13-46
activity#com.example.ajitsahu.app.WeightLossActivity
ADDED from src\main\AndroidManifest.xml:73:9-75:58
	android:parentActivityName
		ADDED from src\main\AndroidManifest.xml:75:13-55
	android:name
		ADDED from src\main\AndroidManifest.xml:74:13-47
activity#com.example.ajitsahu.app.WeightGainActivity
ADDED from src\main\AndroidManifest.xml:76:9-78:58
	android:parentActivityName
		ADDED from src\main\AndroidManifest.xml:78:13-55
	android:name
		ADDED from src\main\AndroidManifest.xml:77:13-47
activity#com.example.ajitsahu.app.AvoidFoodTipsActivity
ADDED from src\main\AndroidManifest.xml:79:9-81:58
	android:parentActivityName
		ADDED from src\main\AndroidManifest.xml:81:13-55
	android:name
		ADDED from src\main\AndroidManifest.xml:80:13-50
activity#com.example.ajitsahu.app.NotesActivity
ADDED from src\main\AndroidManifest.xml:82:9-84:58
	android:parentActivityName
		ADDED from src\main\AndroidManifest.xml:84:13-55
	android:name
		ADDED from src\main\AndroidManifest.xml:83:13-42
activity#com.example.ajitsahu.app.AboutActivity
ADDED from src\main\AndroidManifest.xml:85:9-87:58
	android:parentActivityName
		ADDED from src\main\AndroidManifest.xml:87:13-55
	android:name
		ADDED from src\main\AndroidManifest.xml:86:13-42
activity#com.example.ajitsahu.app.ShareActivity
ADDED from src\main\AndroidManifest.xml:88:9-90:58
	android:parentActivityName
		ADDED from src\main\AndroidManifest.xml:90:13-55
	android:name
		ADDED from src\main\AndroidManifest.xml:89:13-42
activity#com.example.ajitsahu.app.RateActivity
ADDED from src\main\AndroidManifest.xml:91:9-93:58
	android:parentActivityName
		ADDED from src\main\AndroidManifest.xml:93:13-55
	android:name
		ADDED from src\main\AndroidManifest.xml:92:13-41
activity#com.example.ajitsahu.app.DisplayLogActivity
ADDED from src\main\AndroidManifest.xml:94:9-96:59
	android:parentActivityName
		ADDED from src\main\AndroidManifest.xml:96:13-56
	android:name
		ADDED from src\main\AndroidManifest.xml:95:13-47
activity#com.example.ajitsahu.app.CalorieSummary
ADDED from src\main\AndroidManifest.xml:97:9-99:59
	android:parentActivityName
		ADDED from src\main\AndroidManifest.xml:99:13-56
	android:name
		ADDED from src\main\AndroidManifest.xml:98:13-43
activity#com.example.ajitsahu.app.DisplayLogAdapter
ADDED from src\main\AndroidManifest.xml:100:9-102:59
	android:parentActivityName
		ADDED from src\main\AndroidManifest.xml:102:13-56
	android:name
		ADDED from src\main\AndroidManifest.xml:101:13-46
activity#com.example.ajitsahu.app.LogEntry
ADDED from src\main\AndroidManifest.xml:103:9-105:59
	android:parentActivityName
		ADDED from src\main\AndroidManifest.xml:105:13-56
	android:name
		ADDED from src\main\AndroidManifest.xml:104:13-37
activity#com.example.ajitsahu.app.LogManager
ADDED from src\main\AndroidManifest.xml:106:9-48
	android:name
		ADDED from src\main\AndroidManifest.xml:106:19-45
activity#com.example.ajitsahu.app.AddNewEntryActivity
ADDED from src\main\AndroidManifest.xml:107:9-109:59
	android:parentActivityName
		ADDED from src\main\AndroidManifest.xml:109:13-56
	android:name
		ADDED from src\main\AndroidManifest.xml:108:13-48
activity#com.example.ajitsahu.app.PlanActivity
ADDED from src\main\AndroidManifest.xml:110:9-114:59
	android:parentActivityName
		ADDED from src\main\AndroidManifest.xml:113:13-55
	android:label
		ADDED from src\main\AndroidManifest.xml:112:13-56
	android:theme
		ADDED from src\main\AndroidManifest.xml:114:13-56
	android:name
		ADDED from src\main\AndroidManifest.xml:111:13-41
activity#com.example.ajitsahu.app.TwelveActivity
ADDED from src\main\AndroidManifest.xml:115:9-117:58
	android:parentActivityName
		ADDED from src\main\AndroidManifest.xml:117:13-55
	android:name
		ADDED from src\main\AndroidManifest.xml:116:13-43
activity#com.example.ajitsahu.app.FourteenActivity
ADDED from src\main\AndroidManifest.xml:118:9-120:58
	android:parentActivityName
		ADDED from src\main\AndroidManifest.xml:120:13-55
	android:name
		ADDED from src\main\AndroidManifest.xml:119:13-45
activity#com.example.ajitsahu.app.SixteenActivity
ADDED from src\main\AndroidManifest.xml:121:9-123:58
	android:parentActivityName
		ADDED from src\main\AndroidManifest.xml:123:13-55
	android:name
		ADDED from src\main\AndroidManifest.xml:122:13-44
activity#com.example.ajitsahu.app.EighteenActivity
ADDED from src\main\AndroidManifest.xml:124:9-126:58
	android:parentActivityName
		ADDED from src\main\AndroidManifest.xml:126:13-55
	android:name
		ADDED from src\main\AndroidManifest.xml:125:13-45
activity#com.example.ajitsahu.app.day112Activity
ADDED from src\main\AndroidManifest.xml:127:9-129:60
	android:parentActivityName
		ADDED from src\main\AndroidManifest.xml:129:13-57
	android:name
		ADDED from src\main\AndroidManifest.xml:128:13-43
activity#com.example.ajitsahu.app.day212Activity
ADDED from src\main\AndroidManifest.xml:130:9-132:60
	android:parentActivityName
		ADDED from src\main\AndroidManifest.xml:132:13-57
	android:name
		ADDED from src\main\AndroidManifest.xml:131:13-43
activity#com.example.ajitsahu.app.day312Activity
ADDED from src\main\AndroidManifest.xml:133:9-135:60
	android:parentActivityName
		ADDED from src\main\AndroidManifest.xml:135:13-57
	android:name
		ADDED from src\main\AndroidManifest.xml:134:13-43
activity#com.example.ajitsahu.app.day412Activity
ADDED from src\main\AndroidManifest.xml:136:9-138:60
	android:parentActivityName
		ADDED from src\main\AndroidManifest.xml:138:13-57
	android:name
		ADDED from src\main\AndroidManifest.xml:137:13-43
activity#com.example.ajitsahu.app.day512Activity
ADDED from src\main\AndroidManifest.xml:139:9-141:60
	android:parentActivityName
		ADDED from src\main\AndroidManifest.xml:141:13-57
	android:name
		ADDED from src\main\AndroidManifest.xml:140:13-43
activity#com.example.ajitsahu.app.day612Activity
ADDED from src\main\AndroidManifest.xml:142:9-144:60
	android:parentActivityName
		ADDED from src\main\AndroidManifest.xml:144:13-57
	android:name
		ADDED from src\main\AndroidManifest.xml:143:13-43
activity#com.example.ajitsahu.app.day712Activity
ADDED from src\main\AndroidManifest.xml:145:9-147:60
	android:parentActivityName
		ADDED from src\main\AndroidManifest.xml:147:13-57
	android:name
		ADDED from src\main\AndroidManifest.xml:146:13-43
activity#com.example.ajitsahu.app.day114Activity
ADDED from src\main\AndroidManifest.xml:148:9-150:62
	android:parentActivityName
		ADDED from src\main\AndroidManifest.xml:150:13-59
	android:name
		ADDED from src\main\AndroidManifest.xml:149:13-43
activity#com.example.ajitsahu.app.day116Activity
ADDED from src\main\AndroidManifest.xml:151:9-153:61
	android:parentActivityName
		ADDED from src\main\AndroidManifest.xml:153:13-58
	android:name
		ADDED from src\main\AndroidManifest.xml:152:13-43
activity#com.example.ajitsahu.app.day120Activity
ADDED from src\main\AndroidManifest.xml:154:9-156:62
	android:parentActivityName
		ADDED from src\main\AndroidManifest.xml:156:13-59
	android:name
		ADDED from src\main\AndroidManifest.xml:155:13-43
activity#com.example.ajitsahu.app.day214Activity
ADDED from src\main\AndroidManifest.xml:157:9-159:62
	android:parentActivityName
		ADDED from src\main\AndroidManifest.xml:159:13-59
	android:name
		ADDED from src\main\AndroidManifest.xml:158:13-43
activity#com.example.ajitsahu.app.day216Activity
ADDED from src\main\AndroidManifest.xml:160:9-162:61
	android:parentActivityName
		ADDED from src\main\AndroidManifest.xml:162:13-58
	android:name
		ADDED from src\main\AndroidManifest.xml:161:13-43
activity#com.example.ajitsahu.app.day220Activity
ADDED from src\main\AndroidManifest.xml:163:9-165:62
	android:parentActivityName
		ADDED from src\main\AndroidManifest.xml:165:13-59
	android:name
		ADDED from src\main\AndroidManifest.xml:164:13-43
activity#com.example.ajitsahu.app.day314Activity
ADDED from src\main\AndroidManifest.xml:166:9-168:62
	android:parentActivityName
		ADDED from src\main\AndroidManifest.xml:168:13-59
	android:name
		ADDED from src\main\AndroidManifest.xml:167:13-43
activity#com.example.ajitsahu.app.day316Activity
ADDED from src\main\AndroidManifest.xml:169:9-171:61
	android:parentActivityName
		ADDED from src\main\AndroidManifest.xml:171:13-58
	android:name
		ADDED from src\main\AndroidManifest.xml:170:13-43
activity#com.example.ajitsahu.app.day320Activity
ADDED from src\main\AndroidManifest.xml:172:9-174:62
	android:parentActivityName
		ADDED from src\main\AndroidManifest.xml:174:13-59
	android:name
		ADDED from src\main\AndroidManifest.xml:173:13-43
activity#com.example.ajitsahu.app.day414Activity
ADDED from src\main\AndroidManifest.xml:175:9-177:62
	android:parentActivityName
		ADDED from src\main\AndroidManifest.xml:177:13-59
	android:name
		ADDED from src\main\AndroidManifest.xml:176:13-43
activity#com.example.ajitsahu.app.day416Activity
ADDED from src\main\AndroidManifest.xml:178:9-180:61
	android:parentActivityName
		ADDED from src\main\AndroidManifest.xml:180:13-58
	android:name
		ADDED from src\main\AndroidManifest.xml:179:13-43
activity#com.example.ajitsahu.app.day420Activity
ADDED from src\main\AndroidManifest.xml:181:9-183:62
	android:parentActivityName
		ADDED from src\main\AndroidManifest.xml:183:13-59
	android:name
		ADDED from src\main\AndroidManifest.xml:182:13-43
activity#com.example.ajitsahu.app.day514Activity
ADDED from src\main\AndroidManifest.xml:184:9-186:62
	android:parentActivityName
		ADDED from src\main\AndroidManifest.xml:186:13-59
	android:name
		ADDED from src\main\AndroidManifest.xml:185:13-43
activity#com.example.ajitsahu.app.day516Activity
ADDED from src\main\AndroidManifest.xml:187:9-189:61
	android:parentActivityName
		ADDED from src\main\AndroidManifest.xml:189:13-58
	android:name
		ADDED from src\main\AndroidManifest.xml:188:13-43
activity#com.example.ajitsahu.app.day520Activity
ADDED from src\main\AndroidManifest.xml:190:9-192:62
	android:parentActivityName
		ADDED from src\main\AndroidManifest.xml:192:13-59
	android:name
		ADDED from src\main\AndroidManifest.xml:191:13-43
activity#com.example.ajitsahu.app.day614Activity
ADDED from src\main\AndroidManifest.xml:193:9-195:62
	android:parentActivityName
		ADDED from src\main\AndroidManifest.xml:195:13-59
	android:name
		ADDED from src\main\AndroidManifest.xml:194:13-43
activity#com.example.ajitsahu.app.day616Activity
ADDED from src\main\AndroidManifest.xml:196:9-198:61
	android:parentActivityName
		ADDED from src\main\AndroidManifest.xml:198:13-58
	android:name
		ADDED from src\main\AndroidManifest.xml:197:13-43
activity#com.example.ajitsahu.app.day620Activity
ADDED from src\main\AndroidManifest.xml:199:9-201:62
	android:parentActivityName
		ADDED from src\main\AndroidManifest.xml:201:13-59
	android:name
		ADDED from src\main\AndroidManifest.xml:200:13-43
activity#com.example.ajitsahu.app.day714Activity
ADDED from src\main\AndroidManifest.xml:202:9-204:62
	android:parentActivityName
		ADDED from src\main\AndroidManifest.xml:204:13-59
	android:name
		ADDED from src\main\AndroidManifest.xml:203:13-43
activity#com.example.ajitsahu.app.day716Activity
ADDED from src\main\AndroidManifest.xml:205:9-207:61
	android:parentActivityName
		ADDED from src\main\AndroidManifest.xml:207:13-58
	android:name
		ADDED from src\main\AndroidManifest.xml:206:13-43
activity#com.example.ajitsahu.app.day720Activity
ADDED from src\main\AndroidManifest.xml:208:9-210:62
	android:parentActivityName
		ADDED from src\main\AndroidManifest.xml:210:13-59
	android:name
		ADDED from src\main\AndroidManifest.xml:209:13-43
activity#com.example.ajitsahu.app.caloriCal
ADDED from src\main\AndroidManifest.xml:211:9-47
	android:name
		ADDED from src\main\AndroidManifest.xml:211:19-44
activity#com.example.ajitsahu.app.profile
ADDED from src\main\AndroidManifest.xml:212:9-45
	android:name
		ADDED from src\main\AndroidManifest.xml:212:19-42
activity#com.example.ajitsahu.app.CaloriesGraph
ADDED from src\main\AndroidManifest.xml:213:9-51
	android:name
		ADDED from src\main\AndroidManifest.xml:213:19-48
activity#com.example.ajitsahu.app.DataBaseHelper
ADDED from src\main\AndroidManifest.xml:214:9-52
	android:name
		ADDED from src\main\AndroidManifest.xml:214:19-49
activity#com.example.ajitsahu.app.FourColumn_ListAdapter
ADDED from src\main\AndroidManifest.xml:215:9-60
	android:name
		ADDED from src\main\AndroidManifest.xml:215:19-57
activity#com.example.ajitsahu.app.User
ADDED from src\main\AndroidManifest.xml:216:9-42
	android:name
		ADDED from src\main\AndroidManifest.xml:216:19-39
activity#com.example.ajitsahu.app.ViewHealthyBmiContents
ADDED from src\main\AndroidManifest.xml:217:9-60
	android:name
		ADDED from src\main\AndroidManifest.xml:217:19-57
activity#com.example.ajitsahu.app.ViewListContents
ADDED from src\main\AndroidManifest.xml:218:9-54
	android:name
		ADDED from src\main\AndroidManifest.xml:218:19-51
activity#com.example.ajitsahu.app.bmi
ADDED from src\main\AndroidManifest.xml:219:9-41
	android:name
		ADDED from src\main\AndroidManifest.xml:219:19-38
activity#com.example.ajitsahu.app.bmr
ADDED from src\main\AndroidManifest.xml:220:9-41
	android:name
		ADDED from src\main\AndroidManifest.xml:220:19-38
activity#com.example.ajitsahu.app.caluclators
ADDED from src\main\AndroidManifest.xml:221:9-49
	android:name
		ADDED from src\main\AndroidManifest.xml:221:19-46
activity#com.example.ajitsahu.app.ImageAdapter
ADDED from src\main\AndroidManifest.xml:222:9-59
	android:name
		ADDED from src\main\AndroidManifest.xml:222:19-47
uses-sdk
INJECTED from src\main\AndroidManifest.xml reason: use-sdk injection requested
INJECTED from src\main\AndroidManifest.xml
INJECTED from src\main\AndroidManifest.xml
MERGED from [de.hdodenhof:circleimageview:2.2.0] AndroidManifest.xml:5:5-7:41
MERGED from [de.hdodenhof:circleimageview:2.2.0] AndroidManifest.xml:5:5-7:41
MERGED from [com.android.support:design:26.1.0] AndroidManifest.xml:21:5-23:62
MERGED from [com.android.support:design:26.1.0] AndroidManifest.xml:21:5-23:62
MERGED from [com.android.support:appcompat-v7:26.1.0] AndroidManifest.xml:21:5-23:78
MERGED from [com.android.support:appcompat-v7:26.1.0] AndroidManifest.xml:21:5-23:78
MERGED from [it.gilvegliach.android:transparent-text-textview:1.0.3] AndroidManifest.xml:23:5-25:41
MERGED from [it.gilvegliach.android:transparent-text-textview:1.0.3] AndroidManifest.xml:23:5-25:41
MERGED from [com.android.support:cardview-v7:26.1.0] AndroidManifest.xml:20:5-44
MERGED from [com.android.support:cardview-v7:26.1.0] AndroidManifest.xml:20:5-44
MERGED from [com.android.support:recyclerview-v7:26.1.0] AndroidManifest.xml:20:5-44
MERGED from [com.android.support:recyclerview-v7:26.1.0] AndroidManifest.xml:20:5-44
MERGED from [com.daimajia.slider:library:1.1.5] AndroidManifest.xml:7:5-9:41
MERGED from [com.daimajia.slider:library:1.1.5] AndroidManifest.xml:7:5-9:41
MERGED from [com.android.support.constraint:constraint-layout:1.1.2] AndroidManifest.xml:5:5-7:41
MERGED from [com.android.support.constraint:constraint-layout:1.1.2] AndroidManifest.xml:5:5-7:41
MERGED from [com.android.support:transition:26.1.0] AndroidManifest.xml:20:5-44
MERGED from [com.android.support:transition:26.1.0] AndroidManifest.xml:20:5-44
MERGED from [com.android.support:support-v4:26.1.0] AndroidManifest.xml:21:5-23:54
MERGED from [com.android.support:support-v4:26.1.0] AndroidManifest.xml:21:5-23:54
MERGED from [com.android.support:animated-vector-drawable:26.1.0] AndroidManifest.xml:20:5-44
MERGED from [com.android.support:animated-vector-drawable:26.1.0] AndroidManifest.xml:20:5-44
MERGED from [com.android.support:support-vector-drawable:26.1.0] AndroidManifest.xml:20:5-44
MERGED from [com.android.support:support-vector-drawable:26.1.0] AndroidManifest.xml:20:5-44
MERGED from [com.android.support:support-fragment:26.1.0] AndroidManifest.xml:21:5-23:60
MERGED from [com.android.support:support-fragment:26.1.0] AndroidManifest.xml:21:5-23:60
MERGED from [com.android.support:support-core-ui:26.1.0] AndroidManifest.xml:21:5-23:58
MERGED from [com.android.support:support-core-ui:26.1.0] AndroidManifest.xml:21:5-23:58
MERGED from [com.android.support:support-media-compat:26.1.0] AndroidManifest.xml:21:5-23:63
MERGED from [com.android.support:support-media-compat:26.1.0] AndroidManifest.xml:21:5-23:63
MERGED from [com.android.support:support-core-utils:26.1.0] AndroidManifest.xml:21:5-23:61
MERGED from [com.android.support:support-core-utils:26.1.0] AndroidManifest.xml:21:5-23:61
MERGED from [com.android.support:support-compat:26.1.0] AndroidManifest.xml:21:5-23:58
MERGED from [com.android.support:support-compat:26.1.0] AndroidManifest.xml:21:5-23:58
MERGED from [android.arch.lifecycle:runtime:1.0.0] AndroidManifest.xml:20:5-22:41
MERGED from [android.arch.lifecycle:runtime:1.0.0] AndroidManifest.xml:20:5-22:41
INJECTED from src\main\AndroidManifest.xml
INJECTED from src\main\AndroidManifest.xml
	tools:overrideLibrary
		ADDED from [com.android.support:design:26.1.0] AndroidManifest.xml:23:9-59
	android:targetSdkVersion
		INJECTED from src\main\AndroidManifest.xml
		ADDED from src\main\AndroidManifest.xml
		INJECTED from src\main\AndroidManifest.xml
	android:minSdkVersion
		INJECTED from src\main\AndroidManifest.xml
		ADDED from src\main\AndroidManifest.xml
		INJECTED from src\main\AndroidManifest.xml
meta-data#android.support.VERSION
ADDED from [com.android.support:design:26.1.0] AndroidManifest.xml:26:9-28:38
MERGED from [com.android.support:appcompat-v7:26.1.0] AndroidManifest.xml:26:9-28:38
MERGED from [com.android.support:appcompat-v7:26.1.0] AndroidManifest.xml:26:9-28:38
MERGED from [com.android.support:cardview-v7:26.1.0] AndroidManifest.xml:23:9-25:38
MERGED from [com.android.support:cardview-v7:26.1.0] AndroidManifest.xml:23:9-25:38
MERGED from [com.android.support:recyclerview-v7:26.1.0] AndroidManifest.xml:23:9-25:38
MERGED from [com.android.support:recyclerview-v7:26.1.0] AndroidManifest.xml:23:9-25:38
MERGED from [com.android.support:transition:26.1.0] AndroidManifest.xml:23:9-25:38
MERGED from [com.android.support:transition:26.1.0] AndroidManifest.xml:23:9-25:38
MERGED from [com.android.support:support-v4:26.1.0] AndroidManifest.xml:26:9-28:38
MERGED from [com.android.support:support-v4:26.1.0] AndroidManifest.xml:26:9-28:38
MERGED from [com.android.support:animated-vector-drawable:26.1.0] AndroidManifest.xml:23:9-25:38
MERGED from [com.android.support:animated-vector-drawable:26.1.0] AndroidManifest.xml:23:9-25:38
MERGED from [com.android.support:support-vector-drawable:26.1.0] AndroidManifest.xml:23:9-25:38
MERGED from [com.android.support:support-vector-drawable:26.1.0] AndroidManifest.xml:23:9-25:38
MERGED from [com.android.support:support-fragment:26.1.0] AndroidManifest.xml:26:9-28:38
MERGED from [com.android.support:support-fragment:26.1.0] AndroidManifest.xml:26:9-28:38
MERGED from [com.android.support:support-core-ui:26.1.0] AndroidManifest.xml:26:9-28:38
MERGED from [com.android.support:support-core-ui:26.1.0] AndroidManifest.xml:26:9-28:38
MERGED from [com.android.support:support-media-compat:26.1.0] AndroidManifest.xml:26:9-28:38